  Source.cpp
h:\year 3\shaders\tessellationlab1\tessellationlab1\include\icso.h(15): warning C4305: 'initializing': truncation from 'double' to 'const float'
h:\year 3\shaders\tessellationlab1\tessellationlab1\include\icso.h(16): warning C4305: 'initializing': truncation from 'double' to 'const float'
h:\year 3\shaders\tessellationlab1\tessellationlab1\src\source.cpp(137): warning C4244: 'initializing': conversion from 'double' to 'float', possible loss of data
h:\year 3\shaders\tessellationlab1\tessellationlab1\src\source.cpp(155): warning C4244: 'initializing': conversion from 'double' to 'float', possible loss of data
h:\year 3\shaders\tessellationlab1\tessellationlab1\src\source.cpp(167): warning C4305: 'argument': truncation from 'double' to 'float'
h:\year 3\shaders\tessellationlab1\tessellationlab1\src\source.cpp(168): warning C4305: 'argument': truncation from 'double' to 'float'
h:\year 3\shaders\tessellationlab1\tessellationlab1\src\source.cpp(217): warning C4244: '=': conversion from 'double' to 'float', possible loss of data
h:\year 3\shaders\tessellationlab1\tessellationlab1\src\source.cpp(218): warning C4244: '=': conversion from 'double' to 'float', possible loss of data
h:\year 3\shaders\tessellationlab1\tessellationlab1\src\source.cpp(222): warning C4244: 'initializing': conversion from 'double' to 'float', possible loss of data
h:\year 3\shaders\tessellationlab1\tessellationlab1\src\source.cpp(223): warning C4244: 'initializing': conversion from 'double' to 'float', possible loss of data
h:\year 3\shaders\tessellationlab1\tessellationlab1\src\source.cpp(225): warning C4244: '=': conversion from 'double' to 'float', possible loss of data
h:\year 3\shaders\tessellationlab1\tessellationlab1\src\source.cpp(226): warning C4244: '=': conversion from 'double' to 'float', possible loss of data
h:\year 3\shaders\tessellationlab1\tessellationlab1\src\source.cpp(235): warning C4244: 'argument': conversion from 'double' to 'float', possible loss of data
glfw3.lib(context.obj) : warning LNK4099: PDB 'glfw.pdb' was not found with 'glfw3.lib(context.obj)' or at 'H:\year 3\Shaders\TessellationLab1\Debug\glfw.pdb'; linking object as if no debug info
glfw3.lib(init.obj) : warning LNK4099: PDB 'glfw.pdb' was not found with 'glfw3.lib(init.obj)' or at 'H:\year 3\Shaders\TessellationLab1\Debug\glfw.pdb'; linking object as if no debug info
glfw3.lib(input.obj) : warning LNK4099: PDB 'glfw.pdb' was not found with 'glfw3.lib(input.obj)' or at 'H:\year 3\Shaders\TessellationLab1\Debug\glfw.pdb'; linking object as if no debug info
glfw3.lib(monitor.obj) : warning LNK4099: PDB 'glfw.pdb' was not found with 'glfw3.lib(monitor.obj)' or at 'H:\year 3\Shaders\TessellationLab1\Debug\glfw.pdb'; linking object as if no debug info
glfw3.lib(vulkan.obj) : warning LNK4099: PDB 'glfw.pdb' was not found with 'glfw3.lib(vulkan.obj)' or at 'H:\year 3\Shaders\TessellationLab1\Debug\glfw.pdb'; linking object as if no debug info
glfw3.lib(window.obj) : warning LNK4099: PDB 'glfw.pdb' was not found with 'glfw3.lib(window.obj)' or at 'H:\year 3\Shaders\TessellationLab1\Debug\glfw.pdb'; linking object as if no debug info
glfw3.lib(win32_init.obj) : warning LNK4099: PDB 'glfw.pdb' was not found with 'glfw3.lib(win32_init.obj)' or at 'H:\year 3\Shaders\TessellationLab1\Debug\glfw.pdb'; linking object as if no debug info
glfw3.lib(win32_joystick.obj) : warning LNK4099: PDB 'glfw.pdb' was not found with 'glfw3.lib(win32_joystick.obj)' or at 'H:\year 3\Shaders\TessellationLab1\Debug\glfw.pdb'; linking object as if no debug info
glfw3.lib(win32_monitor.obj) : warning LNK4099: PDB 'glfw.pdb' was not found with 'glfw3.lib(win32_monitor.obj)' or at 'H:\year 3\Shaders\TessellationLab1\Debug\glfw.pdb'; linking object as if no debug info
glfw3.lib(win32_time.obj) : warning LNK4099: PDB 'glfw.pdb' was not found with 'glfw3.lib(win32_time.obj)' or at 'H:\year 3\Shaders\TessellationLab1\Debug\glfw.pdb'; linking object as if no debug info
glfw3.lib(win32_thread.obj) : warning LNK4099: PDB 'glfw.pdb' was not found with 'glfw3.lib(win32_thread.obj)' or at 'H:\year 3\Shaders\TessellationLab1\Debug\glfw.pdb'; linking object as if no debug info
glfw3.lib(win32_window.obj) : warning LNK4099: PDB 'glfw.pdb' was not found with 'glfw3.lib(win32_window.obj)' or at 'H:\year 3\Shaders\TessellationLab1\Debug\glfw.pdb'; linking object as if no debug info
glfw3.lib(wgl_context.obj) : warning LNK4099: PDB 'glfw.pdb' was not found with 'glfw3.lib(wgl_context.obj)' or at 'H:\year 3\Shaders\TessellationLab1\Debug\glfw.pdb'; linking object as if no debug info
glfw3.lib(egl_context.obj) : warning LNK4099: PDB 'glfw.pdb' was not found with 'glfw3.lib(egl_context.obj)' or at 'H:\year 3\Shaders\TessellationLab1\Debug\glfw.pdb'; linking object as if no debug info
glfw3.lib(osmesa_context.obj) : warning LNK4099: PDB 'glfw.pdb' was not found with 'glfw3.lib(osmesa_context.obj)' or at 'H:\year 3\Shaders\TessellationLab1\Debug\glfw.pdb'; linking object as if no debug info
  TessellationLab1.vcxproj -> H:\year 3\Shaders\TessellationLab1\Debug\TessellationLab1.exe
